D:\DEV\OpenJDK8U-x64_windows_8u212b04\openjdk-8u212-b04\bin\java.exe -XX:TieredStopAtLevel=1 -noverify -Dspring.output.ansi.enabled=always -Dcom.sun.management.jmxremote -Dcom.sun.management.jmxremote.port=65492 -Dcom.sun.management.jmxremote.authenticate=false -Dcom.sun.management.jmxremote.ssl=false -Djava.rmi.server.hostname=localhost -Dspring.liveBeansView.mbeanDomain -Dspring.application.admin.enabled=true "-javaagent:D:\Program Files\JetBrains\IntelliJ IDEA 2018.2\lib\idea_rt.jar=65493:D:\Program Files\JetBrains\IntelliJ IDEA 2018.2\bin" -Dfile.encoding=UTF-8 -classpath D:\DEV\OpenJDK8U-x64_windows_8u212b04\openjdk-8u212-b04\jre\lib\charsets.jar;D:\DEV\OpenJDK8U-x64_windows_8u212b04\openjdk-8u212-b04\jre\lib\ext\access-bridge-64.jar;D:\DEV\OpenJDK8U-x64_windows_8u212b04\openjdk-8u212-b04\jre\lib\ext\cldrdata.jar;D:\DEV\OpenJDK8U-x64_windows_8u212b04\openjdk-8u212-b04\jre\lib\ext\dnsns.jar;D:\DEV\OpenJDK8U-x64_windows_8u212b04\openjdk-8u212-b04\jre\lib\ext\jaccess.jar;D:\DEV\OpenJDK8U-x64_windows_8u212b04\openjdk-8u212-b04\jre\lib\ext\localedata.jar;D:\DEV\OpenJDK8U-x64_windows_8u212b04\openjdk-8u212-b04\jre\lib\ext\nashorn.jar;D:\DEV\OpenJDK8U-x64_windows_8u212b04\openjdk-8u212-b04\jre\lib\ext\sunec.jar;D:\DEV\OpenJDK8U-x64_windows_8u212b04\openjdk-8u212-b04\jre\lib\ext\sunjce_provider.jar;D:\DEV\OpenJDK8U-x64_windows_8u212b04\openjdk-8u212-b04\jre\lib\ext\sunmscapi.jar;D:\DEV\OpenJDK8U-x64_windows_8u212b04\openjdk-8u212-b04\jre\lib\ext\sunpkcs11.jar;D:\DEV\OpenJDK8U-x64_windows_8u212b04\openjdk-8u212-b04\jre\lib\ext\zipfs.jar;D:\DEV\OpenJDK8U-x64_windows_8u212b04\openjdk-8u212-b04\jre\lib\jce.jar;D:\DEV\OpenJDK8U-x64_windows_8u212b04\openjdk-8u212-b04\jre\lib\jsse.jar;D:\DEV\OpenJDK8U-x64_windows_8u212b04\openjdk-8u212-b04\jre\lib\management-agent.jar;D:\DEV\OpenJDK8U-x64_windows_8u212b04\openjdk-8u212-b04\jre\lib\resources.jar;D:\DEV\OpenJDK8U-x64_windows_8u212b04\openjdk-8u212-b04\jre\lib\rt.jar;D:\DEV\spring-hz-config-bug\spring-hz-auto-config-app\target\classes;D:\DEV\spring-hz-config-bug\spring-hz-auto-config-lib\target\classes;C:\Users\busce\.m2\repository\com\hazelcast\hazelcast-client\3.12.7\hazelcast-client-3.12.7.jar;D:\DEV\spring-hz-config-bug\spring-cache-using-lib\target\classes;C:\Users\busce\.m2\repository\org\springframework\boot\spring-boot-starter\2.2.7.RELEASE\spring-boot-starter-2.2.7.RELEASE.jar;C:\Users\busce\.m2\repository\org\springframework\boot\spring-boot\2.2.7.RELEASE\spring-boot-2.2.7.RELEASE.jar;C:\Users\busce\.m2\repository\org\springframework\spring-context\5.2.6.RELEASE\spring-context-5.2.6.RELEASE.jar;C:\Users\busce\.m2\repository\org\springframework\spring-aop\5.2.6.RELEASE\spring-aop-5.2.6.RELEASE.jar;C:\Users\busce\.m2\repository\org\springframework\spring-expression\5.2.6.RELEASE\spring-expression-5.2.6.RELEASE.jar;C:\Users\busce\.m2\repository\org\springframework\boot\spring-boot-autoconfigure\2.2.7.RELEASE\spring-boot-autoconfigure-2.2.7.RELEASE.jar;C:\Users\busce\.m2\repository\org\springframework\boot\spring-boot-starter-logging\2.2.7.RELEASE\spring-boot-starter-logging-2.2.7.RELEASE.jar;C:\Users\busce\.m2\repository\ch\qos\logback\logback-classic\1.2.3\logback-classic-1.2.3.jar;C:\Users\busce\.m2\repository\ch\qos\logback\logback-core\1.2.3\logback-core-1.2.3.jar;C:\Users\busce\.m2\repository\org\slf4j\slf4j-api\1.7.30\slf4j-api-1.7.30.jar;C:\Users\busce\.m2\repository\org\apache\logging\log4j\log4j-to-slf4j\2.12.1\log4j-to-slf4j-2.12.1.jar;C:\Users\busce\.m2\repository\org\apache\logging\log4j\log4j-api\2.12.1\log4j-api-2.12.1.jar;C:\Users\busce\.m2\repository\org\slf4j\jul-to-slf4j\1.7.30\jul-to-slf4j-1.7.30.jar;C:\Users\busce\.m2\repository\jakarta\annotation\jakarta.annotation-api\1.3.5\jakarta.annotation-api-1.3.5.jar;C:\Users\busce\.m2\repository\org\springframework\spring-core\5.2.6.RELEASE\spring-core-5.2.6.RELEASE.jar;C:\Users\busce\.m2\repository\org\springframework\spring-jcl\5.2.6.RELEASE\spring-jcl-5.2.6.RELEASE.jar;C:\Users\busce\.m2\repository\org\yaml\snakeyaml\1.25\snakeyaml-1.25.jar;C:\Users\busce\.m2\repository\org\springframework\boot\spring-boot-starter-cache\2.2.7.RELEASE\spring-boot-starter-cache-2.2.7.RELEASE.jar;C:\Users\busce\.m2\repository\org\springframework\spring-context-support\5.2.6.RELEASE\spring-context-support-5.2.6.RELEASE.jar;C:\Users\busce\.m2\repository\org\springframework\spring-beans\5.2.6.RELEASE\spring-beans-5.2.6.RELEASE.jar;C:\Users\busce\.m2\repository\com\hazelcast\hazelcast-spring\3.12.7\hazelcast-spring-3.12.7.jar;C:\Users\busce\.m2\repository\com\hazelcast\hazelcast\3.12.7\hazelcast-3.12.7.jar com.jtbdevelopment.spring.hz.AutoConfigApplication

  .   ____          _            __ _ _
 /\\ / ___'_ __ _ _(_)_ __  __ _ \ \ \ \
( ( )\___ | '_ | '_| | '_ \/ _` | \ \ \ \
 \\/  ___)| |_)| | | | | || (_| |  ) ) ) )
  '  |____| .__|_| |_|_| |_\__, | / / / /
 =========|_|==============|___/=/_/_/_/
 :: Spring Boot ::        (v2.2.7.RELEASE)

2020-06-14 00:18:54.538  INFO 21188 --- [           main] c.j.spring.hz.AutoConfigApplication      : Starting AutoConfigApplication on JOEPC2018 with PID 21188 (D:\DEV\spring-hz-config-bug\spring-hz-auto-config-app\target\classes started by busce in D:\DEV\spring-hz-config-bug)
2020-06-14 00:18:54.540  INFO 21188 --- [           main] c.j.spring.hz.AutoConfigApplication      : No active profile set, falling back to default profiles: default
2020-06-14 00:18:54.595 DEBUG 21188 --- [           main] o.s.b.f.s.DefaultListableBeanFactory     : Creating shared instance of singleton bean 'org.springframework.context.annotation.internalConfigurationAnnotationProcessor'
2020-06-14 00:18:54.606 DEBUG 21188 --- [           main] o.s.b.f.s.DefaultListableBeanFactory     : Creating shared instance of singleton bean 'org.springframework.boot.autoconfigure.internalCachingMetadataReaderFactory'
2020-06-14 00:18:54.864 DEBUG 21188 --- [           main] o.s.b.f.s.DefaultListableBeanFactory     : Creating shared instance of singleton bean 'propertySourcesPlaceholderConfigurer'
2020-06-14 00:18:54.868 DEBUG 21188 --- [           main] o.s.b.f.s.DefaultListableBeanFactory     : Creating shared instance of singleton bean 'org.springframework.boot.context.properties.ConfigurationPropertiesBeanDefinitionValidator'
2020-06-14 00:18:54.876 DEBUG 21188 --- [           main] o.s.b.f.s.DefaultListableBeanFactory     : Creating shared instance of singleton bean 'org.springframework.context.event.internalEventListenerProcessor'
2020-06-14 00:18:54.877 DEBUG 21188 --- [           main] o.s.b.f.s.DefaultListableBeanFactory     : Creating shared instance of singleton bean 'org.springframework.context.event.internalEventListenerFactory'
2020-06-14 00:18:54.878 DEBUG 21188 --- [           main] o.s.b.f.s.DefaultListableBeanFactory     : Creating shared instance of singleton bean 'org.springframework.context.annotation.internalAutowiredAnnotationProcessor'
2020-06-14 00:18:54.879 DEBUG 21188 --- [           main] o.s.b.f.s.DefaultListableBeanFactory     : Creating shared instance of singleton bean 'org.springframework.context.annotation.internalCommonAnnotationProcessor'
2020-06-14 00:18:54.881 DEBUG 21188 --- [           main] o.s.b.f.s.DefaultListableBeanFactory     : Creating shared instance of singleton bean 'org.springframework.boot.context.properties.ConfigurationPropertiesBindingPostProcessor'
2020-06-14 00:18:54.881 DEBUG 21188 --- [           main] o.s.b.f.s.DefaultListableBeanFactory     : Creating shared instance of singleton bean 'org.springframework.boot.context.internalConfigurationPropertiesBinder'
2020-06-14 00:18:54.881 DEBUG 21188 --- [           main] o.s.b.f.s.DefaultListableBeanFactory     : Creating shared instance of singleton bean 'org.springframework.boot.context.internalConfigurationPropertiesBinderFactory'
2020-06-14 00:18:54.883 DEBUG 21188 --- [           main] o.s.b.f.s.DefaultListableBeanFactory     : Creating shared instance of singleton bean 'org.springframework.aop.config.internalAutoProxyCreator'
2020-06-14 00:18:54.904 DEBUG 21188 --- [           main] o.s.b.f.s.DefaultListableBeanFactory     : Creating shared instance of singleton bean 'autoConfigApplication'
2020-06-14 00:18:54.905 DEBUG 21188 --- [           main] o.s.b.f.s.DefaultListableBeanFactory     : Creating shared instance of singleton bean 'org.springframework.cache.config.internalCacheAdvisor'
2020-06-14 00:18:54.905 DEBUG 21188 --- [           main] o.s.b.f.s.DefaultListableBeanFactory     : Creating shared instance of singleton bean 'org.springframework.cache.annotation.ProxyCachingConfiguration'
2020-06-14 00:18:54.922 DEBUG 21188 --- [           main] o.s.b.f.s.DefaultListableBeanFactory     : Creating shared instance of singleton bean 'cacheOperationSource'
2020-06-14 00:18:54.925 DEBUG 21188 --- [           main] o.s.b.f.s.DefaultListableBeanFactory     : Creating shared instance of singleton bean 'cacheInterceptor'
2020-06-14 00:18:54.937 DEBUG 21188 --- [           main] o.s.b.f.s.DefaultListableBeanFactory     : Creating shared instance of singleton bean 'cacheTester'
2020-06-14 00:18:54.940 DEBUG 21188 --- [           main] o.s.b.f.s.DefaultListableBeanFactory     : Creating shared instance of singleton bean 'cacheManager'
2020-06-14 00:18:54.940 DEBUG 21188 --- [           main] o.s.b.f.s.DefaultListableBeanFactory     : Creating shared instance of singleton bean 'org.springframework.boot.autoconfigure.cache.SimpleCacheConfiguration'
2020-06-14 00:18:54.940 DEBUG 21188 --- [           main] o.s.b.f.s.DefaultListableBeanFactory     : Creating shared instance of singleton bean 'spring.cache-org.springframework.boot.autoconfigure.cache.CacheProperties'
2020-06-14 00:18:54.950 DEBUG 21188 --- [           main] o.s.b.f.s.DefaultListableBeanFactory     : Creating shared instance of singleton bean 'cacheManagerCustomizers'
2020-06-14 00:18:54.951 DEBUG 21188 --- [           main] o.s.b.f.s.DefaultListableBeanFactory     : Creating shared instance of singleton bean 'org.springframework.boot.autoconfigure.cache.CacheAutoConfiguration'
2020-06-14 00:18:54.954 DEBUG 21188 --- [           main] o.s.b.f.s.DefaultListableBeanFactory     : Autowiring by type from bean name 'cacheManager' via factory method to bean named 'spring.cache-org.springframework.boot.autoconfigure.cache.CacheProperties'
2020-06-14 00:18:54.954 DEBUG 21188 --- [           main] o.s.b.f.s.DefaultListableBeanFactory     : Autowiring by type from bean name 'cacheManager' via factory method to bean named 'cacheManagerCustomizers'
2020-06-14 00:18:54.957 DEBUG 21188 --- [           main] o.s.b.f.s.DefaultListableBeanFactory     : Autowiring by type from bean name 'cacheTester' via constructor to bean named 'cacheManager'
2020-06-14 00:18:54.957  INFO 21188 --- [           main] com.jtbdevelopment.spring.CacheTester    : **********************************
2020-06-14 00:18:54.957  INFO 21188 --- [           main] com.jtbdevelopment.spring.CacheTester    : **********************************
2020-06-14 00:18:54.957  INFO 21188 --- [           main] com.jtbdevelopment.spring.CacheTester    : **********************************
2020-06-14 00:18:54.957  INFO 21188 --- [           main] com.jtbdevelopment.spring.CacheTester    : Cache manager is of class org.springframework.cache.concurrent.ConcurrentMapCacheManager
2020-06-14 00:18:54.958 ERROR 21188 --- [           main] com.jtbdevelopment.spring.CacheTester    : Wrong type
2020-06-14 00:18:54.958 ERROR 21188 --- [           main] com.jtbdevelopment.spring.CacheTester    : Wrong type
2020-06-14 00:18:54.958 ERROR 21188 --- [           main] com.jtbdevelopment.spring.CacheTester    : Wrong type
2020-06-14 00:18:54.959  WARN 21188 --- [           main] s.c.a.AnnotationConfigApplicationContext : Exception encountered during context initialization - cancelling refresh attempt: org.springframework.beans.factory.BeanCreationException: Error creating bean with name 'cacheTester' defined in file [D:\DEV\spring-hz-config-bug\spring-cache-using-lib\target\classes\com\jtbdevelopment\spring\CacheTester.class]: Bean instantiation via constructor failed; nested exception is org.springframework.beans.BeanInstantiationException: Failed to instantiate [com.jtbdevelopment.spring.CacheTester]: Constructor threw exception; nested exception is java.lang.IllegalStateException: Wrong cache manager
2020-06-14 00:18:54.965  INFO 21188 --- [           main] ConditionEvaluationReportLoggingListener :

Error starting ApplicationContext. To display the conditions report re-run your application with 'debug' enabled.
2020-06-14 00:18:54.973 ERROR 21188 --- [           main] o.s.boot.SpringApplication               : Application run failed