D:\DEV\OpenJDK8U-x64_windows_8u212b04\openjdk-8u212-b04\bin\java.exe -XX:TieredStopAtLevel=1 -noverify -Dspring.output.ansi.enabled=always -Dcom.sun.management.jmxremote -Dcom.sun.management.jmxremote.port=49598 -Dcom.sun.management.jmxremote.authenticate=false -Dcom.sun.management.jmxremote.ssl=false -Djava.rmi.server.hostname=localhost -Dspring.liveBeansView.mbeanDomain -Dspring.application.admin.enabled=true "-javaagent:D:\Program Files\JetBrains\IntelliJ IDEA 2018.2\lib\idea_rt.jar=49599:D:\Program Files\JetBrains\IntelliJ IDEA 2018.2\bin" -Dfile.encoding=UTF-8 -classpath D:\DEV\OpenJDK8U-x64_windows_8u212b04\openjdk-8u212-b04\jre\lib\charsets.jar;D:\DEV\OpenJDK8U-x64_windows_8u212b04\openjdk-8u212-b04\jre\lib\ext\access-bridge-64.jar;D:\DEV\OpenJDK8U-x64_windows_8u212b04\openjdk-8u212-b04\jre\lib\ext\cldrdata.jar;D:\DEV\OpenJDK8U-x64_windows_8u212b04\openjdk-8u212-b04\jre\lib\ext\dnsns.jar;D:\DEV\OpenJDK8U-x64_windows_8u212b04\openjdk-8u212-b04\jre\lib\ext\jaccess.jar;D:\DEV\OpenJDK8U-x64_windows_8u212b04\openjdk-8u212-b04\jre\lib\ext\localedata.jar;D:\DEV\OpenJDK8U-x64_windows_8u212b04\openjdk-8u212-b04\jre\lib\ext\nashorn.jar;D:\DEV\OpenJDK8U-x64_windows_8u212b04\openjdk-8u212-b04\jre\lib\ext\sunec.jar;D:\DEV\OpenJDK8U-x64_windows_8u212b04\openjdk-8u212-b04\jre\lib\ext\sunjce_provider.jar;D:\DEV\OpenJDK8U-x64_windows_8u212b04\openjdk-8u212-b04\jre\lib\ext\sunmscapi.jar;D:\DEV\OpenJDK8U-x64_windows_8u212b04\openjdk-8u212-b04\jre\lib\ext\sunpkcs11.jar;D:\DEV\OpenJDK8U-x64_windows_8u212b04\openjdk-8u212-b04\jre\lib\ext\zipfs.jar;D:\DEV\OpenJDK8U-x64_windows_8u212b04\openjdk-8u212-b04\jre\lib\jce.jar;D:\DEV\OpenJDK8U-x64_windows_8u212b04\openjdk-8u212-b04\jre\lib\jsse.jar;D:\DEV\OpenJDK8U-x64_windows_8u212b04\openjdk-8u212-b04\jre\lib\management-agent.jar;D:\DEV\OpenJDK8U-x64_windows_8u212b04\openjdk-8u212-b04\jre\lib\resources.jar;D:\DEV\OpenJDK8U-x64_windows_8u212b04\openjdk-8u212-b04\jre\lib\rt.jar;D:\DEV\spring-hz-config-bug\spring-hz-bean-config-app\target\classes;D:\DEV\spring-hz-config-bug\spring-hz-bean-config-lib\target\classes;C:\Users\busce\.m2\repository\com\hazelcast\hazelcast-client\3.12.7\hazelcast-client-3.12.7.jar;D:\DEV\spring-hz-config-bug\spring-cache-using-lib\target\classes;C:\Users\busce\.m2\repository\org\springframework\boot\spring-boot-starter\2.2.7.RELEASE\spring-boot-starter-2.2.7.RELEASE.jar;C:\Users\busce\.m2\repository\org\springframework\boot\spring-boot\2.2.7.RELEASE\spring-boot-2.2.7.RELEASE.jar;C:\Users\busce\.m2\repository\org\springframework\spring-context\5.2.6.RELEASE\spring-context-5.2.6.RELEASE.jar;C:\Users\busce\.m2\repository\org\springframework\spring-aop\5.2.6.RELEASE\spring-aop-5.2.6.RELEASE.jar;C:\Users\busce\.m2\repository\org\springframework\spring-expression\5.2.6.RELEASE\spring-expression-5.2.6.RELEASE.jar;C:\Users\busce\.m2\repository\org\springframework\boot\spring-boot-autoconfigure\2.2.7.RELEASE\spring-boot-autoconfigure-2.2.7.RELEASE.jar;C:\Users\busce\.m2\repository\org\springframework\boot\spring-boot-starter-logging\2.2.7.RELEASE\spring-boot-starter-logging-2.2.7.RELEASE.jar;C:\Users\busce\.m2\repository\ch\qos\logback\logback-classic\1.2.3\logback-classic-1.2.3.jar;C:\Users\busce\.m2\repository\ch\qos\logback\logback-core\1.2.3\logback-core-1.2.3.jar;C:\Users\busce\.m2\repository\org\slf4j\slf4j-api\1.7.30\slf4j-api-1.7.30.jar;C:\Users\busce\.m2\repository\org\apache\logging\log4j\log4j-to-slf4j\2.12.1\log4j-to-slf4j-2.12.1.jar;C:\Users\busce\.m2\repository\org\apache\logging\log4j\log4j-api\2.12.1\log4j-api-2.12.1.jar;C:\Users\busce\.m2\repository\org\slf4j\jul-to-slf4j\1.7.30\jul-to-slf4j-1.7.30.jar;C:\Users\busce\.m2\repository\jakarta\annotation\jakarta.annotation-api\1.3.5\jakarta.annotation-api-1.3.5.jar;C:\Users\busce\.m2\repository\org\springframework\spring-core\5.2.6.RELEASE\spring-core-5.2.6.RELEASE.jar;C:\Users\busce\.m2\repository\org\springframework\spring-jcl\5.2.6.RELEASE\spring-jcl-5.2.6.RELEASE.jar;C:\Users\busce\.m2\repository\org\yaml\snakeyaml\1.25\snakeyaml-1.25.jar;C:\Users\busce\.m2\repository\org\springframework\boot\spring-boot-starter-cache\2.2.7.RELEASE\spring-boot-starter-cache-2.2.7.RELEASE.jar;C:\Users\busce\.m2\repository\org\springframework\spring-context-support\5.2.6.RELEASE\spring-context-support-5.2.6.RELEASE.jar;C:\Users\busce\.m2\repository\org\springframework\spring-beans\5.2.6.RELEASE\spring-beans-5.2.6.RELEASE.jar;C:\Users\busce\.m2\repository\com\hazelcast\hazelcast-spring\3.12.7\hazelcast-spring-3.12.7.jar;C:\Users\busce\.m2\repository\com\hazelcast\hazelcast\3.12.7\hazelcast-3.12.7.jar com.jtbdevelopment.spring.hz.BeanConfigApplication

  .   ____          _            __ _ _
 /\\ / ___'_ __ _ _(_)_ __  __ _ \ \ \ \
( ( )\___ | '_ | '_| | '_ \/ _` | \ \ \ \
 \\/  ___)| |_)| | | | | || (_| |  ) ) ) )
  '  |____| .__|_| |_|_| |_\__, | / / / /
 =========|_|==============|___/=/_/_/_/
 :: Spring Boot ::        (v2.2.7.RELEASE)

2020-06-14 00:20:18.729  INFO 7328 --- [           main] c.j.spring.hz.BeanConfigApplication      : Starting BeanConfigApplication on JOEPC2018 with PID 7328 (D:\DEV\spring-hz-config-bug\spring-hz-bean-config-app\target\classes started by busce in D:\DEV\spring-hz-config-bug)
2020-06-14 00:20:18.732  INFO 7328 --- [           main] c.j.spring.hz.BeanConfigApplication      : No active profile set, falling back to default profiles: default
2020-06-14 00:20:18.793 DEBUG 7328 --- [           main] o.s.b.f.s.DefaultListableBeanFactory     : Creating shared instance of singleton bean 'org.springframework.context.annotation.internalConfigurationAnnotationProcessor'
2020-06-14 00:20:18.804 DEBUG 7328 --- [           main] o.s.b.f.s.DefaultListableBeanFactory     : Creating shared instance of singleton bean 'org.springframework.boot.autoconfigure.internalCachingMetadataReaderFactory'
2020-06-14 00:20:19.086 DEBUG 7328 --- [           main] o.s.b.f.s.DefaultListableBeanFactory     : Creating shared instance of singleton bean 'propertySourcesPlaceholderConfigurer'
2020-06-14 00:20:19.091 DEBUG 7328 --- [           main] o.s.b.f.s.DefaultListableBeanFactory     : Creating shared instance of singleton bean 'org.springframework.boot.context.properties.ConfigurationPropertiesBeanDefinitionValidator'
2020-06-14 00:20:19.105 DEBUG 7328 --- [           main] o.s.b.f.s.DefaultListableBeanFactory     : Creating shared instance of singleton bean 'org.springframework.context.event.internalEventListenerProcessor'
2020-06-14 00:20:19.106 DEBUG 7328 --- [           main] o.s.b.f.s.DefaultListableBeanFactory     : Creating shared instance of singleton bean 'org.springframework.context.event.internalEventListenerFactory'
2020-06-14 00:20:19.109 DEBUG 7328 --- [           main] o.s.b.f.s.DefaultListableBeanFactory     : Creating shared instance of singleton bean 'org.springframework.context.annotation.internalAutowiredAnnotationProcessor'
2020-06-14 00:20:19.109 DEBUG 7328 --- [           main] o.s.b.f.s.DefaultListableBeanFactory     : Creating shared instance of singleton bean 'org.springframework.context.annotation.internalCommonAnnotationProcessor'
2020-06-14 00:20:19.113 DEBUG 7328 --- [           main] o.s.b.f.s.DefaultListableBeanFactory     : Creating shared instance of singleton bean 'org.springframework.boot.context.properties.ConfigurationPropertiesBindingPostProcessor'
2020-06-14 00:20:19.114 DEBUG 7328 --- [           main] o.s.b.f.s.DefaultListableBeanFactory     : Creating shared instance of singleton bean 'org.springframework.boot.context.internalConfigurationPropertiesBinder'
2020-06-14 00:20:19.114 DEBUG 7328 --- [           main] o.s.b.f.s.DefaultListableBeanFactory     : Creating shared instance of singleton bean 'org.springframework.boot.context.internalConfigurationPropertiesBinderFactory'
2020-06-14 00:20:19.116 DEBUG 7328 --- [           main] o.s.b.f.s.DefaultListableBeanFactory     : Creating shared instance of singleton bean 'org.springframework.aop.config.internalAutoProxyCreator'
2020-06-14 00:20:19.135 DEBUG 7328 --- [           main] o.s.b.f.s.DefaultListableBeanFactory     : Creating shared instance of singleton bean 'beanConfigApplication'
2020-06-14 00:20:19.136 DEBUG 7328 --- [           main] o.s.b.f.s.DefaultListableBeanFactory     : Creating shared instance of singleton bean 'org.springframework.cache.config.internalCacheAdvisor'
2020-06-14 00:20:19.136 DEBUG 7328 --- [           main] o.s.b.f.s.DefaultListableBeanFactory     : Creating shared instance of singleton bean 'org.springframework.cache.annotation.ProxyCachingConfiguration'
2020-06-14 00:20:19.154 DEBUG 7328 --- [           main] o.s.b.f.s.DefaultListableBeanFactory     : Creating shared instance of singleton bean 'cacheOperationSource'
2020-06-14 00:20:19.157 DEBUG 7328 --- [           main] o.s.b.f.s.DefaultListableBeanFactory     : Creating shared instance of singleton bean 'cacheInterceptor'
2020-06-14 00:20:19.168 DEBUG 7328 --- [           main] o.s.b.f.s.DefaultListableBeanFactory     : Creating shared instance of singleton bean 'hazelcastClientConfiguration'
2020-06-14 00:20:19.169 DEBUG 7328 --- [           main] o.s.b.f.s.DefaultListableBeanFactory     : Creating shared instance of singleton bean 'cacheTester'
2020-06-14 00:20:19.173 DEBUG 7328 --- [           main] o.s.b.f.s.DefaultListableBeanFactory     : Creating shared instance of singleton bean 'cacheManager'
2020-06-14 00:20:19.173 DEBUG 7328 --- [           main] o.s.b.f.s.DefaultListableBeanFactory     : Creating shared instance of singleton bean 'org.springframework.boot.autoconfigure.cache.HazelcastCacheConfiguration'
2020-06-14 00:20:19.173 DEBUG 7328 --- [           main] o.s.b.f.s.DefaultListableBeanFactory     : Creating shared instance of singleton bean 'cacheManagerCustomizers'
2020-06-14 00:20:19.173 DEBUG 7328 --- [           main] o.s.b.f.s.DefaultListableBeanFactory     : Creating shared instance of singleton bean 'org.springframework.boot.autoconfigure.cache.CacheAutoConfiguration'
2020-06-14 00:20:19.178 DEBUG 7328 --- [           main] o.s.b.f.s.DefaultListableBeanFactory     : Creating shared instance of singleton bean 'hazelcastInstance'
2020-06-14 00:20:19.178 DEBUG 7328 --- [           main] o.s.b.f.s.DefaultListableBeanFactory     : Creating shared instance of singleton bean 'org.springframework.boot.autoconfigure.hazelcast.HazelcastClientConfiguration$HazelcastClientConfigConfiguration'
2020-06-14 00:20:19.178 DEBUG 7328 --- [           main] o.s.b.f.s.DefaultListableBeanFactory     : Creating shared instance of singleton bean 'clientConfig'
2020-06-14 00:20:19.181  INFO 7328 --- [           main] c.j.s.h.b.HazelcastClientConfiguration   : Making a client config bean
2020-06-14 00:20:19.196 DEBUG 7328 --- [           main] o.s.b.f.s.DefaultListableBeanFactory     : Autowiring by type from bean name 'hazelcastInstance' via factory method to bean named 'clientConfig'
2020-06-14 00:20:19.208  INFO 7328 --- [           main] com.hazelcast.client.HazelcastClient     : hz.client_1 [dev] [3.12.7] A non-empty group password is configured for the Hazelcast client. Starting with Hazelcast version 3.11, clients with the same group name, but with different group passwords (that do not use authentication) will be accepted to a cluster. The group password configuration will be removed completely in a future release.
2020-06-14 00:20:19.434  INFO 7328 --- [           main] c.h.client.spi.ClientInvocationService   : hz.client_1 [dev] [3.12.7] Running with 2 response threads, dynamic=false
2020-06-14 00:20:19.485  INFO 7328 --- [           main] com.hazelcast.core.LifecycleService      : hz.client_1 [dev] [3.12.7] HazelcastClient 3.12.7 (20200430 - bf4b643) is STARTING
2020-06-14 00:20:19.486  INFO 7328 --- [           main] com.hazelcast.core.LifecycleService      : hz.client_1 [dev] [3.12.7] HazelcastClient 3.12.7 (20200430 - bf4b643) is STARTED
2020-06-14 00:20:19.508  INFO 7328 --- [ient_1.cluster-] c.h.c.c.nio.ClusterConnectorService      : hz.client_1 [dev] [3.12.7] Trying to connect to cluster with name: dev
2020-06-14 00:20:19.509  INFO 7328 --- [ient_1.cluster-] c.h.c.c.nio.ClusterConnectorService      : hz.client_1 [dev] [3.12.7] Trying to connect to [127.0.0.1]:5701 as owner member
2020-06-14 00:20:19.527  INFO 7328 --- [nt_1.internal-2] c.h.c.c.ClientConnectionManager          : hz.client_1 [dev] [3.12.7] Setting ClientConnection{alive=true, connectionId=1, channel=NioChannel{/127.0.0.1:49637->/127.0.0.1:5701}, remoteEndpoint=[192.168.1.65]:5701, lastReadTime=2020-06-14 00:20:19.524, lastWriteTime=2020-06-14 00:20:19.521, closedTime=never, connected server version=3.12.7} as owner with principal ClientPrincipal{uuid='7fcb37b9-9903-4076-bbf2-5780dd8f0a50', ownerUuid='e0e768b1-b351-4bcc-9941-bfab36f8375a'}
2020-06-14 00:20:19.527  INFO 7328 --- [nt_1.internal-2] c.h.c.c.ClientConnectionManager          : hz.client_1 [dev] [3.12.7] Authenticated with server [192.168.1.65]:5701, server version:3.12.7 Local address: /127.0.0.1:49637
2020-06-14 00:20:19.535  INFO 7328 --- [lient_1.event-5] c.h.c.spi.impl.ClientMembershipListener  : hz.client_1 [dev] [3.12.7]

Members [1] {
	Member [192.168.1.65]:5701 - e0e768b1-b351-4bcc-9941-bfab36f8375a
}

2020-06-14 00:20:19.536  INFO 7328 --- [ient_1.cluster-] com.hazelcast.core.LifecycleService      : hz.client_1 [dev] [3.12.7] HazelcastClient 3.12.7 (20200430 - bf4b643) is CLIENT_CONNECTED
2020-06-14 00:20:19.536  INFO 7328 --- [           main] c.h.internal.diagnostics.Diagnostics     : hz.client_1 [dev] [3.12.7] Diagnostics disabled. To enable add -Dhazelcast.diagnostics.enabled=true to the JVM arguments.
2020-06-14 00:20:19.567 DEBUG 7328 --- [           main] o.s.b.f.s.DefaultListableBeanFactory     : Autowiring by type from bean name 'cacheManager' via factory method to bean named 'cacheManagerCustomizers'
2020-06-14 00:20:19.567 DEBUG 7328 --- [           main] o.s.b.f.s.DefaultListableBeanFactory     : Autowiring by type from bean name 'cacheManager' via factory method to bean named 'hazelcastInstance'
2020-06-14 00:20:19.572 DEBUG 7328 --- [           main] o.s.b.f.s.DefaultListableBeanFactory     : Autowiring by type from bean name 'cacheTester' via constructor to bean named 'cacheManager'
2020-06-14 00:20:19.573  INFO 7328 --- [           main] com.jtbdevelopment.spring.CacheTester    : **********************************
2020-06-14 00:20:19.573  INFO 7328 --- [           main] com.jtbdevelopment.spring.CacheTester    : **********************************
2020-06-14 00:20:19.573  INFO 7328 --- [           main] com.jtbdevelopment.spring.CacheTester    : **********************************
2020-06-14 00:20:19.573  INFO 7328 --- [           main] com.jtbdevelopment.spring.CacheTester    : Cache manager is of class com.hazelcast.spring.cache.HazelcastCacheManager
2020-06-14 00:20:19.574  INFO 7328 --- [           main] com.jtbdevelopment.spring.CacheTester    : **********************************
2020-06-14 00:20:19.574  INFO 7328 --- [           main] com.jtbdevelopment.spring.CacheTester    : **********************************
2020-06-14 00:20:19.574  INFO 7328 --- [           main] com.jtbdevelopment.spring.CacheTester    : **********************************
2020-06-14 00:20:19.574 DEBUG 7328 --- [           main] o.s.b.f.s.DefaultListableBeanFactory     : Creating shared instance of singleton bean 'org.springframework.boot.autoconfigure.AutoConfigurationPackages'
2020-06-14 00:20:19.575 DEBUG 7328 --- [           main] o.s.b.f.s.DefaultListableBeanFactory     : Creating shared instance of singleton bean 'org.springframework.boot.autoconfigure.context.PropertyPlaceholderAutoConfiguration'
2020-06-14 00:20:19.575 DEBUG 7328 --- [           main] o.s.b.f.s.DefaultListableBeanFactory     : Creating shared instance of singleton bean 'org.springframework.boot.autoconfigure.admin.SpringApplicationAdminJmxAutoConfiguration'
2020-06-14 00:20:19.576 DEBUG 7328 --- [           main] o.s.b.f.s.DefaultListableBeanFactory     : Creating shared instance of singleton bean 'springApplicationAdminRegistrar'
2020-06-14 00:20:19.576 DEBUG 7328 --- [           main] o.s.b.f.s.DefaultListableBeanFactory     : Autowiring by type from bean name 'springApplicationAdminRegistrar' via factory method to bean named 'environment'
2020-06-14 00:20:19.578 DEBUG 7328 --- [           main] o.s.b.f.s.DefaultListableBeanFactory     : Creating shared instance of singleton bean 'org.springframework.boot.autoconfigure.aop.AopAutoConfiguration$ClassProxyingConfiguration'
2020-06-14 00:20:19.578 DEBUG 7328 --- [           main] o.s.b.f.s.DefaultListableBeanFactory     : Autowiring by type from bean name 'org.springframework.boot.autoconfigure.aop.AopAutoConfiguration$ClassProxyingConfiguration' via constructor to bean named 'org.springframework.beans.factory.support.DefaultListableBeanFactory@2b71e916'
2020-06-14 00:20:19.579 DEBUG 7328 --- [           main] o.s.b.f.s.DefaultListableBeanFactory     : Creating shared instance of singleton bean 'org.springframework.boot.autoconfigure.aop.AopAutoConfiguration'
2020-06-14 00:20:19.579 DEBUG 7328 --- [           main] o.s.b.f.s.DefaultListableBeanFactory     : Creating shared instance of singleton bean 'org.springframework.boot.autoconfigure.hazelcast.HazelcastClientConfiguration'
2020-06-14 00:20:19.579 DEBUG 7328 --- [           main] o.s.b.f.s.DefaultListableBeanFactory     : Creating shared instance of singleton bean 'org.springframework.boot.autoconfigure.hazelcast.HazelcastAutoConfiguration'
2020-06-14 00:20:19.579 DEBUG 7328 --- [           main] o.s.b.f.s.DefaultListableBeanFactory     : Creating shared instance of singleton bean 'org.springframework.boot.context.properties.ConfigurationBeanFactoryMetadata'
2020-06-14 00:20:19.580 DEBUG 7328 --- [           main] o.s.b.f.s.DefaultListableBeanFactory     : Creating shared instance of singleton bean 'spring.hazelcast-org.springframework.boot.autoconfigure.hazelcast.HazelcastProperties'
2020-06-14 00:20:19.588 DEBUG 7328 --- [           main] o.s.b.f.s.DefaultListableBeanFactory     : Creating shared instance of singleton bean 'cacheAutoConfigurationValidator'
2020-06-14 00:20:19.588 DEBUG 7328 --- [           main] o.s.b.f.s.DefaultListableBeanFactory     : Creating shared instance of singleton bean 'spring.cache-org.springframework.boot.autoconfigure.cache.CacheProperties'
2020-06-14 00:20:19.590 DEBUG 7328 --- [           main] o.s.b.f.s.DefaultListableBeanFactory     : Autowiring by type from bean name 'cacheAutoConfigurationValidator' via factory method to bean named 'spring.cache-org.springframework.boot.autoconfigure.cache.CacheProperties'
2020-06-14 00:20:19.591 DEBUG 7328 --- [           main] o.s.b.f.s.DefaultListableBeanFactory     : Creating shared instance of singleton bean 'org.springframework.boot.autoconfigure.context.ConfigurationPropertiesAutoConfiguration'
2020-06-14 00:20:19.591 DEBUG 7328 --- [           main] o.s.b.f.s.DefaultListableBeanFactory     : Creating shared instance of singleton bean 'org.springframework.boot.autoconfigure.info.ProjectInfoAutoConfiguration'
2020-06-14 00:20:19.593 DEBUG 7328 --- [           main] o.s.b.f.s.DefaultListableBeanFactory     : Creating shared instance of singleton bean 'spring.info-org.springframework.boot.autoconfigure.info.ProjectInfoProperties'
2020-06-14 00:20:19.593 DEBUG 7328 --- [           main] o.s.b.f.s.DefaultListableBeanFactory     : Autowiring by type from bean name 'org.springframework.boot.autoconfigure.info.ProjectInfoAutoConfiguration' via constructor to bean named 'spring.info-org.springframework.boot.autoconfigure.info.ProjectInfoProperties'
2020-06-14 00:20:19.595 DEBUG 7328 --- [           main] o.s.b.f.s.DefaultListableBeanFactory     : Creating shared instance of singleton bean 'org.springframework.boot.autoconfigure.task.TaskExecutionAutoConfiguration'
2020-06-14 00:20:19.595 DEBUG 7328 --- [           main] o.s.b.f.s.DefaultListableBeanFactory     : Creating shared instance of singleton bean 'taskExecutorBuilder'
2020-06-14 00:20:19.596 DEBUG 7328 --- [           main] o.s.b.f.s.DefaultListableBeanFactory     : Creating shared instance of singleton bean 'spring.task.execution-org.springframework.boot.autoconfigure.task.TaskExecutionProperties'
2020-06-14 00:20:19.597 DEBUG 7328 --- [           main] o.s.b.f.s.DefaultListableBeanFactory     : Autowiring by type from bean name 'taskExecutorBuilder' via factory method to bean named 'spring.task.execution-org.springframework.boot.autoconfigure.task.TaskExecutionProperties'
2020-06-14 00:20:19.599 DEBUG 7328 --- [           main] o.s.b.f.s.DefaultListableBeanFactory     : Creating shared instance of singleton bean 'org.springframework.boot.autoconfigure.task.TaskSchedulingAutoConfiguration'
2020-06-14 00:20:19.600 DEBUG 7328 --- [           main] o.s.b.f.s.DefaultListableBeanFactory     : Creating shared instance of singleton bean 'taskSchedulerBuilder'
2020-06-14 00:20:19.600 DEBUG 7328 --- [           main] o.s.b.f.s.DefaultListableBeanFactory     : Creating shared instance of singleton bean 'spring.task.scheduling-org.springframework.boot.autoconfigure.task.TaskSchedulingProperties'
2020-06-14 00:20:19.601 DEBUG 7328 --- [           main] o.s.b.f.s.DefaultListableBeanFactory     : Autowiring by type from bean name 'taskSchedulerBuilder' via factory method to bean named 'spring.task.scheduling-org.springframework.boot.autoconfigure.task.TaskSchedulingProperties'
2020-06-14 00:20:19.613  INFO 7328 --- [           main] c.j.spring.hz.BeanConfigApplication      : Started BeanConfigApplication in 1.133 seconds (JVM running for 1.677)
